{
  "0 debug pnpm:scope": {
    "selected": 1
  },
  "1 error pnpm": {
    "code": "ELIFECYCLE",
    "errno": "ENOENT",
    "syscall": "spawn",
    "file": "sh",
    "pkgid": "vanillatimetracker@0.0.1",
    "stage": "dev",
    "script": "svelte-kit dev",
    "pkgname": "vanillatimetracker",
    "err": {
      "name": "pnpm",
      "message": "vanillatimetracker@0.0.1 dev: `svelte-kit dev`\nspawn ENOENT",
      "code": "ELIFECYCLE",
      "stack": "pnpm: vanillatimetracker@0.0.1 dev: `svelte-kit dev`\nspawn ENOENT\n    at ChildProcess.<anonymous> (/snapshot/dist/pnpm.cjs)\n    at ChildProcess.emit (events.js:376:20)\n    at maybeClose (internal/child_process.js:1055:16)\n    at Process.ChildProcess._handle.onexit (internal/child_process.js:288:5)"
    }
  }
}